<?xml version="1.0" encoding="UTF-8"?>
<!-- Generated by org.testng.reporters.JUnitReportReporter -->
<testsuite skipped="0" hostname="rzb-us-sf-276" name="org.propovednik.tests.AdminLoginPageTest" tests="2" failures="0" timestamp="23 May 2018 04:37:06 GMT" time="11.326" errors="0">
  <testcase name="testingNavigationOnAdminPanel" time="6.676" classname="org.propovednik.tests.AdminLoginPageTest"/>
  <testcase name="testingLoginWithWrongCredentials" time="4.650" classname="org.propovednik.tests.AdminLoginPageTest"/>
</testsuite> <!-- org.propovednik.tests.AdminLoginPageTest -->
