<?xml version="1.0" encoding="UTF-8"?>
<!-- Generated by org.testng.reporters.JUnitReportReporter -->
<testsuite skipped="0" hostname="rzb-us-sf-276" name="org.propovednik.tests.FirstTest" tests="1" failures="0" timestamp="23 May 2018 18:17:19 GMT" time="5.505" errors="0">
  <testcase name="isFolderPresent" time="5.505" classname="org.propovednik.tests.FirstTest"/>
</testsuite> <!-- org.propovednik.tests.FirstTest -->
